<?xml version="1.0" encoding="UTF-8"?>
<robot generator="Robot 3.2.1 (Python 3.7.7 on win32)" generated="20200523 13:37:41.610" rpa="false">
<suite id="s1" name="RobotFramework1" source="C:\Users\desir\workspaces\eclipse-workspace\RobotFramework1">
<suite id="s1-s1" name="Test" source="C:\Users\desir\workspaces\eclipse-workspace\RobotFramework1\test">
<suite id="s1-s1-s1" name="TestSuite1" source="C:\Users\desir\workspaces\eclipse-workspace\RobotFramework1\test\TestSuite1.robot">
<kw name="Log" library="BuiltIn" type="setup">
<doc>Logs the given message with the given level.</doc>
<arguments>
<arg>I am inside Test Suite Setup</arg>
</arguments>
<msg timestamp="20200523 13:37:41.797" level="INFO">I am inside Test Suite Setup</msg>
<status status="PASS" starttime="20200523 13:37:41.797" endtime="20200523 13:37:41.798"></status>
</kw>
<test id="s1-s1-s1-t1" name="MyFirstTest">
<kw name="Log" library="BuiltIn" type="setup">
<doc>Logs the given message with the given level.</doc>
<arguments>
<arg>I am inside Test Case Setup</arg>
</arguments>
<msg timestamp="20200523 13:37:41.799" level="INFO">I am inside Test Case Setup</msg>
<status status="PASS" starttime="20200523 13:37:41.799" endtime="20200523 13:37:41.799"></status>
</kw>
<kw name="Log" library="BuiltIn">
<doc>Logs the given message with the given level.</doc>
<arguments>
<arg>Hello World...</arg>
</arguments>
<msg timestamp="20200523 13:37:41.799" level="INFO">Hello World...</msg>
<status status="PASS" starttime="20200523 13:37:41.799" endtime="20200523 13:37:41.800"></status>
</kw>
<kw name="Log" library="BuiltIn" type="teardown">
<doc>Logs the given message with the given level.</doc>
<arguments>
<arg>I am inside Test Case Setup</arg>
</arguments>
<msg timestamp="20200523 13:37:41.800" level="INFO">I am inside Test Case Setup</msg>
<status status="PASS" starttime="20200523 13:37:41.800" endtime="20200523 13:37:41.800"></status>
</kw>
<tags>
<tag>smoke</tag>
</tags>
<status status="PASS" starttime="20200523 13:37:41.798" endtime="20200523 13:37:41.800" critical="yes"></status>
</test>
<kw name="Log" library="BuiltIn" type="teardown">
<doc>Logs the given message with the given level.</doc>
<arguments>
<arg>I am inside Test Suite Teardown</arg>
</arguments>
<msg timestamp="20200523 13:37:41.801" level="INFO">I am inside Test Suite Teardown</msg>
<status status="PASS" starttime="20200523 13:37:41.801" endtime="20200523 13:37:41.802"></status>
</kw>
<status status="PASS" starttime="20200523 13:37:41.660" endtime="20200523 13:37:41.802"></status>
</suite>
<status status="PASS" starttime="20200523 13:37:41.656" endtime="20200523 13:37:41.803"></status>
</suite>
<status status="PASS" starttime="20200523 13:37:41.638" endtime="20200523 13:37:41.804"></status>
</suite>
<statistics>
<total>
<stat pass="1" fail="0">Critical Tests</stat>
<stat pass="1" fail="0">All Tests</stat>
</total>
<tag>
<stat pass="1" fail="0">smoke</stat>
</tag>
<suite>
<stat pass="1" fail="0" id="s1" name="RobotFramework1">RobotFramework1</stat>
<stat pass="1" fail="0" id="s1-s1" name="Test">RobotFramework1.Test</stat>
<stat pass="1" fail="0" id="s1-s1-s1" name="TestSuite1">RobotFramework1.Test.TestSuite1</stat>
</suite>
</statistics>
<errors>
</errors>
</robot>
